Running: E:\programs\XE\14.7\ISE_DS\ISE\bin\nt64\unwrapped\fuse.exe -intstyle ise -incremental -o E:/labs/lab2_ispr/div_isim_beh.exe -prj E:/labs/lab2_ispr/div_beh.prj work.div 
ISim P.20131013 (signature 0x7708f090)
Number of CPUs detected in this system: 4
Turning on mult-threading, number of parallel sub-compilation jobs: 8 
Determining compilation order of HDL files
Parsing VHDL file "E:/labs/lab2_ispr/div.vhd" into library work
Starting static elaboration
Completed static elaboration
Compiling package standard
Compiling package std_logic_1164
Compiling package std_logic_arith
Compiling package std_logic_unsigned
Compiling package numeric_std
Compiling architecture behavioral of entity div
Time Resolution for simulation is 1ps.
WARNING:Simulator - Unable to copy libPortabilityNOSH.dll to the simulation executable directory: boost::filesystem::copy_file: Системе не удается найти указанный путь, "isim\div_isim_beh.exe.sim\libPortability.dll".
Compiled 6 VHDL Units
Built simulation executable E:/labs/lab2_ispr/div_isim_beh.exe
Fuse Memory Usage: 59860 KB
Fuse CPU Usage: 905 ms
